<?xml version="1.0" encoding="UTF-8"?>
<testng-results ignored="0" total="1" passed="1" failed="0" skipped="0">
  <reporter-output>
  </reporter-output>
  <suite started-at="2021-10-20T19:38:56 EDT" name="Default suite" finished-at="2021-10-20T19:39:06 EDT" duration-ms="9716">
    <groups>
      <group name="cucumber">
        <method signature="LoginRunner.feature(cucumber.api.testng.CucumberFeatureWrapper)[pri:0, instance:ups.nj.myrunner.LoginRunner@1c9b0314]" name="feature" class="ups.nj.myrunner.LoginRunner"/>
      </group> <!-- cucumber -->
    </groups>
    <test started-at="2021-10-20T19:38:56 EDT" name="Default test" finished-at="2021-10-20T19:39:06 EDT" duration-ms="9716">
      <class name="ups.nj.myrunner.LoginRunner">
        <test-method is-config="true" signature="setUpClass()[pri:0, instance:ups.nj.myrunner.LoginRunner@1c9b0314]" started-at="2021-10-20T19:38:56 EDT" name="setUpClass" finished-at="2021-10-20T19:38:56 EDT" duration-ms="264" status="PASS">
          <reporter-output>
          </reporter-output>
        </test-method> <!-- setUpClass -->
        <test-method signature="feature(cucumber.api.testng.CucumberFeatureWrapper)[pri:0, instance:ups.nj.myrunner.LoginRunner@1c9b0314]" started-at="2021-10-20T19:38:56 EDT" name="feature" description="Runs LoginCandiate Feature" data-provider="features" finished-at="2021-10-20T19:39:06 EDT" duration-ms="9306" status="PASS">
          <params>
            <param index="0">
              <value>
                <![CDATA[User able to login with valid username & password]]>
              </value>
            </param>
          </params>
          <reporter-output>
          </reporter-output>
        </test-method> <!-- feature -->
        <test-method is-config="true" signature="tearDownClass()[pri:0, instance:ups.nj.myrunner.LoginRunner@1c9b0314]" started-at="2021-10-20T19:39:06 EDT" name="tearDownClass" finished-at="2021-10-20T19:39:06 EDT" duration-ms="13" status="PASS">
          <reporter-output>
          </reporter-output>
        </test-method> <!-- tearDownClass -->
      </class> <!-- ups.nj.myrunner.LoginRunner -->
    </test> <!-- Default test -->
  </suite> <!-- Default suite -->
</testng-results>
